<?xml version="1.0" encoding="UTF-8"?>
<TestRun id="b13dd52f-2d4a-444d-9572-29e351095e46" name="redbug@VMWIN7 2012-07-11 19:27:22" runUser="VMWin7\redbug" xmlns="http://microsoft.com/schemas/VisualStudio/TeamTest/2010">
  <TestSettings name="Local" id="d6c170fa-6fe7-4019-90b9-96ed9a31b115">
    <Description>These are default test settings for a local test run.</Description>
    <Deployment enabled="false" runDeploymentRoot="redbug_VMWIN7 2012-07-11 19_27_22">
      <DeploymentItem filename="C:\Projects\FNHMVC\packages\Iesi.Collections.3.2.0.4000\lib\Net35\Iesi.Collections.dll" />
      <DeploymentItem filename="C:\Projects\FNHMVC\packages\Selenium.WebDriver.2.24.0\lib\net40\WebDriver.dll" />
      <DeploymentItem filename="C:\Projects\FNHMVC\FNHMVC.CommandProcessor\bin\Debug\FNHMVC.CommandProcessor.dll" />
      <DeploymentItem filename="C:\Projects\FNHMVC\packages\Castle.Core.3.0.0.4001\lib\net40-client\Castle.Core.dll" />
      <DeploymentItem filename="C:\Projects\FNHMVC\FNHMVC.Domain\bin\Debug\FNHMVC.Domain.dll" />
      <DeploymentItem filename="C:\Projects\FNHMVC\FNHMVC.Data\bin\Debug\FNHMVC.Data.dll" />
      <DeploymentItem filename="C:\Projects\FNHMVC\FNHMVC.Model\bin\Debug\FNHMVC.Model.dll" />
      <DeploymentItem filename="C:\Projects\FNHMVC\FNHMVC.Core\bin\Debug\FNHMVC.Core.dll" />
      <DeploymentItem filename="C:\Projects\FNHMVC\packages\FluentNHibernate.1.3.0.717\lib\FluentNHibernate.dll" />
      <DeploymentItem filename="C:\Projects\FNHMVC\packages\Autofac.2.6.1.841\lib\NET40\Autofac.dll" />
      <DeploymentItem filename="C:\Projects\FNHMVC\packages\DotNetZip.1.9.1.8\lib\net20\Ionic.Zip.dll" />
      <DeploymentItem filename="C:\Projects\FNHMVC\packages\Newtonsoft.Json.4.5.1\lib\net40\Newtonsoft.Json.dll" />
      <DeploymentItem filename="C:\Projects\FNHMVC\packages\NHibernate.3.2.0.4000\lib\Net35\NHibernate.dll" />
      <DeploymentItem filename="C:\Projects\FNHMVC\packages\Selenium.Support.2.24.0\lib\net40\WebDriver.Support.dll" />
      <DeploymentItem filename="C:\Projects\FNHMVC\packages\Autofac.2.6.1.841\lib\NET40\Autofac.Configuration.dll" />
    </Deployment>
    <Execution>
      <TestTypeSpecific />
      <AgentRule name="Execution Agents">
      </AgentRule>
    </Execution>
  </TestSettings>
  <Times creation="2012-07-11T19:27:22.0788760+02:00" queuing="2012-07-11T19:27:22.9019583+02:00" start="2012-07-11T19:27:22.9869668+02:00" finish="2012-07-11T19:27:39.8896569+02:00" />
  <ResultSummary outcome="Completed">
    <Counters total="1" executed="1" passed="1" error="0" failed="0" timeout="0" aborted="0" inconclusive="0" passedButRunAborted="0" notRunnable="0" notExecuted="0" disconnected="0" warning="0" completed="0" inProgress="0" pending="0" />
  </ResultSummary>
  <TestDefinitions>
    <UnitTest name="SimpleNavigationTest" storage="c:\projects\fnhmvc\fnhmvc.test\bin\debug\fnhmvc.test.dll" id="126a8af7-38ab-fc00-1a89-32c977bffd94">
      <Execution id="b61b57a4-ff50-4885-b040-f74ef419acf4" />
      <TestMethod codeBase="C:/Projects/FNHMVC/FNHMVC.Test/bin/Debug/FNHMVC.Test.DLL" adapterTypeName="Microsoft.VisualStudio.TestTools.TestTypes.Unit.UnitTestAdapter, Microsoft.VisualStudio.QualityTools.Tips.UnitTest.Adapter, Version=10.0.0.0, Culture=neutral, PublicKeyToken=b03f5f7f11d50a3a" className="FNHMVC.Test.NavigationTest, FNHMVC.Test, Version=1.0.0.0, Culture=neutral, PublicKeyToken=null" name="SimpleNavigationTest" />
    </UnitTest>
  </TestDefinitions>
  <TestLists>
    <TestList name="Results Not in a List" id="8c84fa94-04c1-424b-9868-57a2d4851a1d" />
    <TestList name="All Loaded Results" id="19431567-8539-422a-85d7-44ee4e166bda" />
  </TestLists>
  <TestEntries>
    <TestEntry testId="126a8af7-38ab-fc00-1a89-32c977bffd94" executionId="b61b57a4-ff50-4885-b040-f74ef419acf4" testListId="8c84fa94-04c1-424b-9868-57a2d4851a1d" />
  </TestEntries>
  <Results>
    <UnitTestResult executionId="b61b57a4-ff50-4885-b040-f74ef419acf4" testId="126a8af7-38ab-fc00-1a89-32c977bffd94" testName="SimpleNavigationTest" computerName="VMWIN7" duration="00:00:16.2216891" startTime="2012-07-11T19:27:23.0769758+02:00" endTime="2012-07-11T19:27:39.7906470+02:00" testType="13cdc9d9-ddb5-4fa4-a97d-d965ccfc6d4b" outcome="Passed" testListId="8c84fa94-04c1-424b-9868-57a2d4851a1d" relativeResultsDirectory="b61b57a4-ff50-4885-b040-f74ef419acf4">
    </UnitTestResult>
  </Results>
</TestRun>